0 silly argv {
0 silly argv   _: [ 'version' ],
0 silly argv   'conventional-commits': true,
0 silly argv   conventionalCommits: true,
0 silly argv   yes: true,
0 silly argv   y: true,
0 silly argv   lernaVersion: '5.3.0',
0 silly argv   '$0': '..\\..\\node_modules\\lerna\\cli.js'
0 silly argv }
1 notice cli v5.3.0
2 verbose rootPath C:\Users\SONICBOLT TUF-05\OneDrive\Desktop\lerna-husky
3 info versioning independent
4 silly isAnythingCommitted
5 verbose isAnythingCommitted 1
6 silly getCurrentBranch
7 verbose currentBranch master
8 silly remoteBranchExists
9 silly isBehindUpstream
10 silly isBehindUpstream master is behind origin/master by 0 commit(s) and ahead by 1
11 silly hasTags
12 verbose hasTags false
13 info Assuming all packages changed
14 verbose updated app1
15 verbose updated app2
16 verbose git-describe undefined => "6dd925f"
17 silly git-describe parsed => {"refCount":"9","sha":"6dd925f","isDirty":false}
18 silly independent for app1 at C:\Users\SONICBOLT TUF-05\OneDrive\Desktop\lerna-husky\packages\app1
19 verbose getChangelogConfig using preset "conventional-changelog-angular"
20 silly npa Result {
20 silly npa   type: 'tag',
20 silly npa   registry: true,
20 silly npa   where: undefined,
20 silly npa   raw: 'conventional-changelog-angular',
20 silly npa   name: 'conventional-changelog-angular',
20 silly npa   escapedName: 'conventional-changelog-angular',
20 silly npa   scope: undefined,
20 silly npa   rawSpec: '',
20 silly npa   saveSpec: null,
20 silly npa   fetchSpec: 'latest',
20 silly npa   gitRange: undefined,
20 silly npa   gitCommittish: undefined,
20 silly npa   hosted: undefined
20 silly npa }
21 verbose getChangelogConfig Attempting to resolve preset "conventional-changelog-angular"
22 info getChangelogConfig Successfully resolved preset "conventional-changelog-angular"
23 verbose independent increment 0.0.0 by minor
24 silly independent for app2 at C:\Users\SONICBOLT TUF-05\OneDrive\Desktop\lerna-husky\packages\app2
25 verbose independent increment 0.0.0 by patch
26 info auto-confirmed
27 info execute Skipping releases
28 silly lifecycle No script for "preversion" in "lerna-husky", continuing
29 silly lifecycle No script for "preversion" in "app1", continuing
30 silly lifecycle No script for "preversion" in "app2", continuing
31 silly lifecycle No script for "version" in "app1", continuing
32 silly independent for app1 at C:\Users\SONICBOLT TUF-05\OneDrive\Desktop\lerna-husky\packages\app1
33 silly lifecycle No script for "version" in "app2", continuing
34 silly independent for app2 at C:\Users\SONICBOLT TUF-05\OneDrive\Desktop\lerna-husky\packages\app2
35 silly independent writing new entry: "# 0.1.0 (2022-08-04)\n\n\n### Features\n\n* root ([e7448e5](https://github.com/kaijin1234/lerna-husky/commit/e7448e5676e712ab0556069c248302b41758a269))\n\n\n\n"
36 silly independent writing new entry: "## 0.0.1 (2022-08-04)\n\n**Note:** Version bump only for package app2\n\n\n\n"
37 verbose independent wrote C:\Users\SONICBOLT TUF-05\OneDrive\Desktop\lerna-husky\packages\app1\CHANGELOG.md
38 verbose independent wrote C:\Users\SONICBOLT TUF-05\OneDrive\Desktop\lerna-husky\packages\app2\CHANGELOG.md
39 silly lifecycle No script for "version" in "lerna-husky", continuing
40 silly gitAdd [
40 silly gitAdd   'packages/app1/package.json',
40 silly gitAdd   'packages/app2/package.json',
40 silly gitAdd   'packages/app1/CHANGELOG.md',
40 silly gitAdd   'packages/app2/CHANGELOG.md'
40 silly gitAdd ]
41 silly gitCommit Publish
41 silly gitCommit
41 silly gitCommit  - app1@0.1.0
41 silly gitCommit  - app2@0.0.1
42 verbose git [
42 verbose git   'commit',
42 verbose git   '-F',
42 verbose git   'C:\\Users\\SONICB~1\\AppData\\Local\\Temp\\c791d818-f2c9-40ca-a6ae-5263fe00c8c6\\lerna-commit.txt'
42 verbose git ]
43 error Error: Command failed with exit code 1: git commit -F C:\Users\SONICB~1\AppData\Local\Temp\c791d818-f2c9-40ca-a6ae-5263fe00c8c6\lerna-commit.txt
43 error [2m◼[22m Preparing lint-staged...
43 error [2K[1A[2K[G[2m◼[22m Preparing lint-staged...
43 error [2m◼[22m Running tasks for staged files...
43 error [2K[1A[2K[1A[2K[G[2m◼[22m Preparing lint-staged...
43 error [2m◼[22m Running tasks for staged files...
43 error [2m◼[22m Applying modifications from tasks...
43 error [2K[1A[2K[1A[2K[1A[2K[G[2m◼[22m Preparing lint-staged...
43 error [2m◼[22m Running tasks for staged files...
43 error [2m◼[22m Applying modifications from tasks...
43 error [2m◼[22m Cleaning up temporary files...
43 error [2K[1A[2K[1A[2K[1A[2K[1A[2K[G[93m⠋[39m Preparing lint-staged...
43 error [2m◼[22m Running tasks for staged files...
43 error [2m◼[22m Applying modifications from tasks...
43 error [2m◼[22m Cleaning up temporary files...
43 error [2K[1A[2K[1A[2K[1A[2K[1A[2K[G[93m⠙[39m Preparing lint-staged...
43 error [2m◼[22m Running tasks for staged files...
43 error [2m◼[22m Applying modifications from tasks...
43 error [2m◼[22m Cleaning up temporary files...
43 error [2K[1A[2K[1A[2K[1A[2K[1A[2K[G[93m⠹[39m Preparing lint-staged...
43 error [2m◼[22m Running tasks for staged files...
43 error [2m◼[22m Applying modifications from tasks...
43 error [2m◼[22m Cleaning up temporary files...
43 error [2K[1A[2K[1A[2K[1A[2K[1A[2K[G[32m✔[39m Preparing lint-staged...
43 error [2m◼[22m Running tasks for staged files...
43 error [2m◼[22m Applying modifications from tasks...
43 error [2m◼[22m Cleaning up temporary files...
43 error [2K[1A[2K[1A[2K[1A[2K[1A[2K[G[32m✔[39m Preparing lint-staged...
43 error [93m⠹[39m Running tasks for staged files...
43 error [2m◼[22m Applying modifications from tasks...
43 error [2m◼[22m Cleaning up temporary files...
43 error [2K[1A[2K[1A[2K[1A[2K[1A[2K[G[32m✔[39m Preparing lint-staged...
43 error [33m❯[39m Running tasks for staged files...
43 error [2m◼[22m Applying modifications from tasks...
43 error [2m◼[22m Cleaning up temporary files...
43 error [2K[1A[2K[1A[2K[1A[2K[1A[2K[G[32m✔[39m Preparing lint-staged...
43 error [33m❯[39m Running tasks for staged files...
43 error   [2m◼[22m .lintstagedrc[2m — 4 files[22m
43 error [2m◼[22m Applying modifications from tasks...
43 error [2m◼[22m Cleaning up temporary files...
43 error [2K[1A[2K[1A[2K[1A[2K[1A[2K[1A[2K[G[32m✔[39m Preparing lint-staged...
43 error [33m❯[39m Running tasks for staged files...
43 error   [93m⠹[39m .lintstagedrc[2m — 4 files[22m
43 error [2m◼[22m Applying modifications from tasks...
43 error [2m◼[22m Cleaning up temporary files...
43 error [2K[1A[2K[1A[2K[1A[2K[1A[2K[1A[2K[G[32m✔[39m Preparing lint-staged...
43 error [33m❯[39m Running tasks for staged files...
43 error   [33m❯[39m .lintstagedrc[2m — 4 files[22m
43 error [2m◼[22m Applying modifications from tasks...
43 error [2m◼[22m Cleaning up temporary files...
43 error [2K[1A[2K[1A[2K[1A[2K[1A[2K[1A[2K[G[32m✔[39m Preparing lint-staged...
43 error [33m❯[39m Running tasks for staged files...
43 error   [33m❯[39m .lintstagedrc[2m — 4 files[22m
43 error     [2m◼[22m packages/**/*.+(js|jsx|json|ts|tsx)[2m — 2 files[22m
43 error [2m◼[22m Applying modifications from tasks...
43 error [2m◼[22m Cleaning up temporary files...
43 error [2K[1A[2K[1A[2K[1A[2K[1A[2K[1A[2K[1A[2K[G[32m✔[39m Preparing lint-staged...
43 error [33m❯[39m Running tasks for staged files...
43 error   [33m❯[39m .lintstagedrc[2m — 4 files[22m
43 error     [2m◼[22m packages/**/*.+(js|jsx|json|ts|tsx)[2m — 2 files[22m
43 error     [2m◼[22m *[2m — 4 files[22m
43 error [2m◼[22m Applying modifications from tasks...
43 error [2m◼[22m Cleaning up temporary files...
43 error [2K[1A[2K[1A[2K[1A[2K[1A[2K[1A[2K[1A[2K[1A[2K[G[32m✔[39m Preparing lint-staged...
43 error [33m❯[39m Running tasks for staged files...
43 error   [33m❯[39m .lintstagedrc[2m — 4 files[22m
43 error     [93m⠹[39m packages/**/*.+(js|jsx|json|ts|tsx)[2m — 2 files[22m
43 error     [2m◼[22m *[2m — 4 files[22m
43 error [2m◼[22m Applying modifications from tasks...
43 error [2m◼[22m Cleaning up temporary files...
43 error [2K[1A[2K[1A[2K[1A[2K[1A[2K[1A[2K[1A[2K[1A[2K[G[32m✔[39m Preparing lint-staged...
43 error [33m❯[39m Running tasks for staged files...
43 error   [33m❯[39m .lintstagedrc[2m — 4 files[22m
43 error     [93m⠹[39m packages/**/*.+(js|jsx|json|ts|tsx)[2m — 2 files[22m
43 error     [93m⠹[39m *[2m — 4 files[22m
43 error [2m◼[22m Applying modifications from tasks...
43 error [2m◼[22m Cleaning up temporary files...
43 error [2K[1A[2K[1A[2K[1A[2K[1A[2K[1A[2K[1A[2K[1A[2K[G[32m✔[39m Preparing lint-staged...
43 error [33m❯[39m Running tasks for staged files...
43 error   [33m❯[39m .lintstagedrc[2m — 4 files[22m
43 error     [33m❯[39m packages/**/*.+(js|jsx|json|ts|tsx)[2m — 2 files[22m
43 error     [93m⠹[39m *[2m — 4 files[22m
43 error [2m◼[22m Applying modifications from tasks...
43 error [2m◼[22m Cleaning up temporary files...
43 error [2K[1A[2K[1A[2K[1A[2K[1A[2K[1A[2K[1A[2K[1A[2K[G[32m✔[39m Preparing lint-staged...
43 error [33m❯[39m Running tasks for staged files...
43 error   [33m❯[39m .lintstagedrc[2m — 4 files[22m
43 error     [33m❯[39m packages/**/*.+(js|jsx|json|ts|tsx)[2m — 2 files[22m
43 error     [33m❯[39m *[2m — 4 files[22m
43 error [2m◼[22m Applying modifications from tasks...
43 error [2m◼[22m Cleaning up temporary files...
43 error [2K[1A[2K[1A[2K[1A[2K[1A[2K[1A[2K[1A[2K[1A[2K[G[32m✔[39m Preparing lint-staged...
43 error [33m❯[39m Running tasks for staged files...
43 error   [33m❯[39m .lintstagedrc[2m — 4 files[22m
43 error     [33m❯[39m packages/**/*.+(js|jsx|json|ts|tsx)[2m — 2 files[22m
43 error       [2m◼[22m eslint --cache --fix
43 error     [33m❯[39m *[2m — 4 files[22m
43 error [2m◼[22m Applying modifications from tasks...
43 error [2m◼[22m Cleaning up temporary files...
43 error [2K[1A[2K[1A[2K[1A[2K[1A[2K[1A[2K[1A[2K[1A[2K[1A[2K[G[32m✔[39m Preparing lint-staged...
43 error [33m❯[39m Running tasks for staged files...
43 error   [33m❯[39m .lintstagedrc[2m — 4 files[22m
43 error     [33m❯[39m packages/**/*.+(js|jsx|json|ts|tsx)[2m — 2 files[22m
43 error       [2m◼[22m eslint --cache --fix
43 error     [33m❯[39m *[2m — 4 files[22m
43 error       [2m◼[22m prettier --write --ignore-unknown
43 error [2m◼[22m Applying modifications from tasks...
43 error [2m◼[22m Cleaning up temporary files...
43 error [2K[1A[2K[1A[2K[1A[2K[1A[2K[1A[2K[1A[2K[1A[2K[1A[2K[1A[2K[G[32m✔[39m Preparing lint-staged...
43 error [33m❯[39m Running tasks for staged files...
43 error   [33m❯[39m .lintstagedrc[2m — 4 files[22m
43 error     [33m❯[39m packages/**/*.+(js|jsx|json|ts|tsx)[2m — 2 files[22m
43 error       [93m⠹[39m eslint --cache --fix
43 error     [33m❯[39m *[2m — 4 files[22m
43 error       [2m◼[22m prettier --write --ignore-unknown
43 error [2m◼[22m Applying modifications from tasks...
43 error [2m◼[22m Cleaning up temporary files...
43 error [2K[1A[2K[1A[2K[1A[2K[1A[2K[1A[2K[1A[2K[1A[2K[1A[2K[1A[2K[G[32m✔[39m Preparing lint-staged...
43 error [33m❯[39m Running tasks for staged files...
43 error   [33m❯[39m .lintstagedrc[2m — 4 files[22m
43 error     [33m❯[39m packages/**/*.+(js|jsx|json|ts|tsx)[2m — 2 files[22m
43 error       [93m⠹[39m eslint --cache --fix
43 error     [33m❯[39m *[2m — 4 files[22m
43 error       [93m⠹[39m prettier --write --ignore-unknown
43 error [2m◼[22m Applying modifications from tasks...
43 error [2m◼[22m Cleaning up temporary files...
43 error [2K[1A[2K[1A[2K[1A[2K[1A[2K[1A[2K[1A[2K[1A[2K[1A[2K[1A[2K[G[32m✔[39m Preparing lint-staged...
43 error [33m❯[39m Running tasks for staged files...
43 error   [33m❯[39m .lintstagedrc[2m — 4 files[22m
43 error     [33m❯[39m packages/**/*.+(js|jsx|json|ts|tsx)[2m — 2 files[22m
43 error       [93m⠸[39m eslint --cache --fix
43 error     [33m❯[39m *[2m — 4 files[22m
43 error       [93m⠸[39m prettier --write --ignore-unknown
43 error [2m◼[22m Applying modifications from tasks...
43 error [2m◼[22m Cleaning up temporary files...
43 error [2K[1A[2K[1A[2K[1A[2K[1A[2K[1A[2K[1A[2K[1A[2K[1A[2K[1A[2K[G[32m✔[39m Preparing lint-staged...
43 error [33m❯[39m Running tasks for staged files...
43 error   [33m❯[39m .lintstagedrc[2m — 4 files[22m
43 error     [33m❯[39m packages/**/*.+(js|jsx|json|ts|tsx)[2m — 2 files[22m
43 error       [93m⠼[39m eslint --cache --fix
43 error     [33m❯[39m *[2m — 4 files[22m
43 error       [93m⠼[39m prettier --write --ignore-unknown
43 error [2m◼[22m Applying modifications from tasks...
43 error [2m◼[22m Cleaning up temporary files...
43 error [2K[1A[2K[1A[2K[1A[2K[1A[2K[1A[2K[1A[2K[1A[2K[1A[2K[1A[2K[G[32m✔[39m Preparing lint-staged...
43 error [33m❯[39m Running tasks for staged files...
43 error   [33m❯[39m .lintstagedrc[2m — 4 files[22m
43 error     [33m❯[39m packages/**/*.+(js|jsx|json|ts|tsx)[2m — 2 files[22m
43 error       [93m⠴[39m eslint --cache --fix
43 error     [33m❯[39m *[2m — 4 files[22m
43 error       [93m⠴[39m prettier --write --ignore-unknown
43 error [2m◼[22m Applying modifications from tasks...
43 error [2m◼[22m Cleaning up temporary files...
43 error [2K[1A[2K[1A[2K[1A[2K[1A[2K[1A[2K[1A[2K[1A[2K[1A[2K[1A[2K[G[32m✔[39m Preparing lint-staged...
43 error [33m❯[39m Running tasks for staged files...
43 error   [33m❯[39m .lintstagedrc[2m — 4 files[22m
43 error     [33m❯[39m packages/**/*.+(js|jsx|json|ts|tsx)[2m — 2 files[22m
43 error       [93m⠦[39m eslint --cache --fix
43 error     [33m❯[39m *[2m — 4 files[22m
43 error       [93m⠦[39m prettier --write --ignore-unknown
43 error [2m◼[22m Applying modifications from tasks...
43 error [2m◼[22m Cleaning up temporary files...
43 error [2K[1A[2K[1A[2K[1A[2K[1A[2K[1A[2K[1A[2K[1A[2K[1A[2K[1A[2K[G[32m✔[39m Preparing lint-staged...
43 error [33m❯[39m Running tasks for staged files...
43 error   [33m❯[39m .lintstagedrc[2m — 4 files[22m
43 error     [33m❯[39m packages/**/*.+(js|jsx|json|ts|tsx)[2m — 2 files[22m
43 error       [93m⠧[39m eslint --cache --fix
43 error     [33m❯[39m *[2m — 4 files[22m
43 error       [93m⠧[39m prettier --write --ignore-unknown
43 error [2m◼[22m Applying modifications from tasks...
43 error [2m◼[22m Cleaning up temporary files...
43 error [2K[1A[2K[1A[2K[1A[2K[1A[2K[1A[2K[1A[2K[1A[2K[1A[2K[1A[2K[G[32m✔[39m Preparing lint-staged...
43 error [33m❯[39m Running tasks for staged files...
43 error   [33m❯[39m .lintstagedrc[2m — 4 files[22m
43 error     [33m❯[39m packages/**/*.+(js|jsx|json|ts|tsx)[2m — 2 files[22m
43 error       [93m⠧[39m eslint --cache --fix
43 error     [33m❯[39m *[2m — 4 files[22m
43 error       [32m✔[39m prettier --write --ignore-unknown
43 error [2m◼[22m Applying modifications from tasks...
43 error [2m◼[22m Cleaning up temporary files...
43 error [2K[1A[2K[1A[2K[1A[2K[1A[2K[1A[2K[1A[2K[1A[2K[1A[2K[1A[2K[G[32m✔[39m Preparing lint-staged...
43 error [33m❯[39m Running tasks for staged files...
43 error   [33m❯[39m .lintstagedrc[2m — 4 files[22m
43 error     [33m❯[39m packages/**/*.+(js|jsx|json|ts|tsx)[2m — 2 files[22m
43 error       [93m⠧[39m eslint --cache --fix
43 error     [32m✔[39m *[2m — 4 files[22m
43 error [2m◼[22m Applying modifications from tasks...
43 error [2m◼[22m Cleaning up temporary files...
43 error [2K[1A[2K[1A[2K[1A[2K[1A[2K[1A[2K[1A[2K[1A[2K[1A[2K[G[32m✔[39m Preparing lint-staged...
43 error [33m❯[39m Running tasks for staged files...
43 error   [33m❯[39m .lintstagedrc[2m — 4 files[22m
43 error     [33m❯[39m packages/**/*.+(js|jsx|json|ts|tsx)[2m — 2 files[22m
43 error       [93m⠇[39m eslint --cache --fix
43 error     [32m✔[39m *[2m — 4 files[22m
43 error [2m◼[22m Applying modifications from tasks...
43 error [2m◼[22m Cleaning up temporary files...
43 error [2K[1A[2K[1A[2K[1A[2K[1A[2K[1A[2K[1A[2K[1A[2K[1A[2K[G[32m✔[39m Preparing lint-staged...
43 error [33m❯[39m Running tasks for staged files...
43 error   [33m❯[39m .lintstagedrc[2m — 4 files[22m
43 error     [33m❯[39m packages/**/*.+(js|jsx|json|ts|tsx)[2m — 2 files[22m
43 error       [93m⠏[39m eslint --cache --fix
43 error     [32m✔[39m *[2m — 4 files[22m
43 error [2m◼[22m Applying modifications from tasks...
43 error [2m◼[22m Cleaning up temporary files...
43 error [2K[1A[2K[1A[2K[1A[2K[1A[2K[1A[2K[1A[2K[1A[2K[1A[2K[G[32m✔[39m Preparing lint-staged...
43 error [33m❯[39m Running tasks for staged files...
43 error   [33m❯[39m .lintstagedrc[2m — 4 files[22m
43 error     [33m❯[39m packages/**/*.+(js|jsx|json|ts|tsx)[2m — 2 files[22m
43 error       [93m⠋[39m eslint --cache --fix
43 error     [32m✔[39m *[2m — 4 files[22m
43 error [2m◼[22m Applying modifications from tasks...
43 error [2m◼[22m Cleaning up temporary files...
43 error [2K[1A[2K[1A[2K[1A[2K[1A[2K[1A[2K[1A[2K[1A[2K[1A[2K[G[32m✔[39m Preparing lint-staged...
43 error [33m❯[39m Running tasks for staged files...
43 error   [33m❯[39m .lintstagedrc[2m — 4 files[22m
43 error     [33m❯[39m packages/**/*.+(js|jsx|json|ts|tsx)[2m — 2 files[22m
43 error       [93m⠙[39m eslint --cache --fix
43 error     [32m✔[39m *[2m — 4 files[22m
43 error [2m◼[22m Applying modifications from tasks...
43 error [2m◼[22m Cleaning up temporary files...
43 error [2K[1A[2K[1A[2K[1A[2K[1A[2K[1A[2K[1A[2K[1A[2K[1A[2K[G[32m✔[39m Preparing lint-staged...
43 error [33m❯[39m Running tasks for staged files...
43 error   [33m❯[39m .lintstagedrc[2m — 4 files[22m
43 error     [33m❯[39m packages/**/*.+(js|jsx|json|ts|tsx)[2m — 2 files[22m
43 error       [93m⠹[39m eslint --cache --fix
43 error     [32m✔[39m *[2m — 4 files[22m
43 error [2m◼[22m Applying modifications from tasks...
43 error [2m◼[22m Cleaning up temporary files...
43 error [2K[1A[2K[1A[2K[1A[2K[1A[2K[1A[2K[1A[2K[1A[2K[1A[2K[G[32m✔[39m Preparing lint-staged...
43 error [33m❯[39m Running tasks for staged files...
43 error   [33m❯[39m .lintstagedrc[2m — 4 files[22m
43 error     [33m❯[39m packages/**/*.+(js|jsx|json|ts|tsx)[2m — 2 files[22m
43 error       [93m⠸[39m eslint --cache --fix
43 error     [32m✔[39m *[2m — 4 files[22m
43 error [2m◼[22m Applying modifications from tasks...
43 error [2m◼[22m Cleaning up temporary files...
43 error [2K[1A[2K[1A[2K[1A[2K[1A[2K[1A[2K[1A[2K[1A[2K[1A[2K[G[32m✔[39m Preparing lint-staged...
43 error [33m❯[39m Running tasks for staged files...
43 error   [33m❯[39m .lintstagedrc[2m — 4 files[22m
43 error     [33m❯[39m packages/**/*.+(js|jsx|json|ts|tsx)[2m — 2 files[22m
43 error       [93m⠼[39m eslint --cache --fix
43 error     [32m✔[39m *[2m — 4 files[22m
43 error [2m◼[22m Applying modifications from tasks...
43 error [2m◼[22m Cleaning up temporary files...
43 error [2K[1A[2K[1A[2K[1A[2K[1A[2K[1A[2K[1A[2K[1A[2K[1A[2K[G[32m✔[39m Preparing lint-staged...
43 error [33m❯[39m Running tasks for staged files...
43 error   [33m❯[39m .lintstagedrc[2m — 4 files[22m
43 error     [33m❯[39m packages/**/*.+(js|jsx|json|ts|tsx)[2m — 2 files[22m
43 error       [93m⠴[39m eslint --cache --fix
43 error     [32m✔[39m *[2m — 4 files[22m
43 error [2m◼[22m Applying modifications from tasks...
43 error [2m◼[22m Cleaning up temporary files...
43 error [2K[1A[2K[1A[2K[1A[2K[1A[2K[1A[2K[1A[2K[1A[2K[1A[2K[G[32m✔[39m Preparing lint-staged...
43 error [33m❯[39m Running tasks for staged files...
43 error   [33m❯[39m .lintstagedrc[2m — 4 files[22m
43 error     [33m❯[39m packages/**/*.+(js|jsx|json|ts|tsx)[2m — 2 files[22m
43 error       [93m⠦[39m eslint --cache --fix
43 error     [32m✔[39m *[2m — 4 files[22m
43 error [2m◼[22m Applying modifications from tasks...
43 error [2m◼[22m Cleaning up temporary files...
43 error [2K[1A[2K[1A[2K[1A[2K[1A[2K[1A[2K[1A[2K[1A[2K[1A[2K[G[32m✔[39m Preparing lint-staged...
43 error [33m❯[39m Running tasks for staged files...
43 error   [33m❯[39m .lintstagedrc[2m — 4 files[22m
43 error     [33m❯[39m packages/**/*.+(js|jsx|json|ts|tsx)[2m — 2 files[22m
43 error       [93m⠧[39m eslint --cache --fix
43 error     [32m✔[39m *[2m — 4 files[22m
43 error [2m◼[22m Applying modifications from tasks...
43 error [2m◼[22m Cleaning up temporary files...
43 error [2K[1A[2K[1A[2K[1A[2K[1A[2K[1A[2K[1A[2K[1A[2K[1A[2K[G[32m✔[39m Preparing lint-staged...
43 error [33m❯[39m Running tasks for staged files...
43 error   [33m❯[39m .lintstagedrc[2m — 4 files[22m
43 error     [33m❯[39m packages/**/*.+(js|jsx|json|ts|tsx)[2m — 2 files[22m
43 error       [93m⠇[39m eslint --cache --fix
43 error     [32m✔[39m *[2m — 4 files[22m
43 error [2m◼[22m Applying modifications from tasks...
43 error [2m◼[22m Cleaning up temporary files...
43 error [2K[1A[2K[1A[2K[1A[2K[1A[2K[1A[2K[1A[2K[1A[2K[1A[2K[G[32m✔[39m Preparing lint-staged...
43 error [33m❯[39m Running tasks for staged files...
43 error   [33m❯[39m .lintstagedrc[2m — 4 files[22m
43 error     [33m❯[39m packages/**/*.+(js|jsx|json|ts|tsx)[2m — 2 files[22m
43 error       [31m✖[39m eslint --cache --fix
43 error     [32m✔[39m *[2m — 4 files[22m
43 error [2m◼[22m Applying modifications from tasks...
43 error [2m◼[22m Cleaning up temporary files...
43 error [2K[1A[2K[1A[2K[1A[2K[1A[2K[1A[2K[1A[2K[1A[2K[1A[2K[G[32m✔[39m Preparing lint-staged...
43 error [33m❯[39m Running tasks for staged files...
43 error   [33m❯[39m .lintstagedrc[2m — 4 files[22m
43 error     [33m❯[39m packages/**/*.+(js|jsx|json|ts|tsx)[2m — 2 files[22m
43 error       [31m✖[39m [91meslint --cache --fix[39m [2m[FAILED][22m
43 error     [32m✔[39m *[2m — 4 files[22m
43 error [2m◼[22m Applying modifications from tasks...
43 error [2m◼[22m Cleaning up temporary files...
43 error [2K[1A[2K[1A[2K[1A[2K[1A[2K[1A[2K[1A[2K[1A[2K[1A[2K[G[32m✔[39m Preparing lint-staged...
43 error [33m❯[39m Running tasks for staged files...
43 error   [33m❯[39m .lintstagedrc[2m — 4 files[22m
43 error     [31m❯[39m packages/**/*.+(js|jsx|json|ts|tsx)[2m — 2 files[22m
43 error       [31m✖[39m [91meslint --cache --fix[39m [2m[FAILED][22m
43 error     [32m✔[39m *[2m — 4 files[22m
43 error [2m◼[22m Applying modifications from tasks...
43 error [2m◼[22m Cleaning up temporary files...
43 error [2K[1A[2K[1A[2K[1A[2K[1A[2K[1A[2K[1A[2K[1A[2K[1A[2K[G[32m✔[39m Preparing lint-staged...
43 error [33m❯[39m Running tasks for staged files...
43 error   [31m❯[39m .lintstagedrc[2m — 4 files[22m
43 error     [31m❯[39m packages/**/*.+(js|jsx|json|ts|tsx)[2m — 2 files[22m
43 error       [31m✖[39m [91meslint --cache --fix[39m [2m[FAILED][22m
43 error     [32m✔[39m *[2m — 4 files[22m
43 error [2m◼[22m Applying modifications from tasks...
43 error [2m◼[22m Cleaning up temporary files...
43 error [2K[1A[2K[1A[2K[1A[2K[1A[2K[1A[2K[1A[2K[1A[2K[1A[2K[G[32m✔[39m Preparing lint-staged...
43 error [31m❯[39m Running tasks for staged files...
43 error   [31m❯[39m .lintstagedrc[2m — 4 files[22m
43 error     [31m❯[39m packages/**/*.+(js|jsx|json|ts|tsx)[2m — 2 files[22m
43 error       [31m✖[39m [91meslint --cache --fix[39m [2m[FAILED][22m
43 error     [32m✔[39m *[2m — 4 files[22m
43 error [2m◼[22m Applying modifications from tasks...
43 error [2m◼[22m Cleaning up temporary files...
43 error [2K[1A[2K[1A[2K[1A[2K[1A[2K[1A[2K[1A[2K[1A[2K[1A[2K[G[32m✔[39m Preparing lint-staged...
43 error [31m❯[39m Running tasks for staged files...
43 error   [31m❯[39m .lintstagedrc[2m — 4 files[22m
43 error     [31m❯[39m packages/**/*.+(js|jsx|json|ts|tsx)[2m — 2 files[22m
43 error       [31m✖[39m [91meslint --cache --fix[39m [2m[FAILED][22m
43 error     [32m✔[39m *[2m — 4 files[22m
43 error [93m⠇[39m Applying modifications from tasks...
43 error [2m◼[22m Cleaning up temporary files...
43 error [2K[1A[2K[1A[2K[1A[2K[1A[2K[1A[2K[1A[2K[1A[2K[1A[2K[G[32m✔[39m Preparing lint-staged...
43 error [31m❯[39m Running tasks for staged files...
43 error   [31m❯[39m .lintstagedrc[2m — 4 files[22m
43 error     [31m❯[39m packages/**/*.+(js|jsx|json|ts|tsx)[2m — 2 files[22m
43 error       [31m✖[39m [91meslint --cache --fix[39m [2m[FAILED][22m
43 error     [32m✔[39m *[2m — 4 files[22m
43 error [33m↓[39m Skipped because of errors from tasks.[2m [SKIPPED][22m
43 error [2m◼[22m Cleaning up temporary files...
43 error [2K[1A[2K[1A[2K[1A[2K[1A[2K[1A[2K[1A[2K[1A[2K[1A[2K[G[32m✔[39m Preparing lint-staged...
43 error [31m❯[39m Running tasks for staged files...
43 error   [31m❯[39m .lintstagedrc[2m — 4 files[22m
43 error     [31m❯[39m packages/**/*.+(js|jsx|json|ts|tsx)[2m — 2 files[22m
43 error       [31m✖[39m [91meslint --cache --fix[39m [2m[FAILED][22m
43 error     [32m✔[39m *[2m — 4 files[22m
43 error [33m↓[39m Skipped because of errors from tasks.[2m [SKIPPED][22m
43 error [2m◼[22m Reverting to original state because of errors...
43 error [2m◼[22m Cleaning up temporary files...
43 error [2K[1A[2K[1A[2K[1A[2K[1A[2K[1A[2K[1A[2K[1A[2K[1A[2K[1A[2K[G[32m✔[39m Preparing lint-staged...
43 error [31m❯[39m Running tasks for staged files...
43 error   [31m❯[39m .lintstagedrc[2m — 4 files[22m
43 error     [31m❯[39m packages/**/*.+(js|jsx|json|ts|tsx)[2m — 2 files[22m
43 error       [31m✖[39m [91meslint --cache --fix[39m [2m[FAILED][22m
43 error     [32m✔[39m *[2m — 4 files[22m
43 error [33m↓[39m Skipped because of errors from tasks.[2m [SKIPPED][22m
43 error [93m⠇[39m Reverting to original state because of errors...
43 error [2m◼[22m Cleaning up temporary files...
43 error [2K[1A[2K[1A[2K[1A[2K[1A[2K[1A[2K[1A[2K[1A[2K[1A[2K[1A[2K[G[32m✔[39m Preparing lint-staged...
43 error [31m❯[39m Running tasks for staged files...
43 error   [31m❯[39m .lintstagedrc[2m — 4 files[22m
43 error     [31m❯[39m packages/**/*.+(js|jsx|json|ts|tsx)[2m — 2 files[22m
43 error       [31m✖[39m [91meslint --cache --fix[39m [2m[FAILED][22m
43 error     [32m✔[39m *[2m — 4 files[22m
43 error [33m↓[39m Skipped because of errors from tasks.[2m [SKIPPED][22m
43 error [93m⠏[39m Reverting to original state because of errors...
43 error [2m◼[22m Cleaning up temporary files...
43 error [2K[1A[2K[1A[2K[1A[2K[1A[2K[1A[2K[1A[2K[1A[2K[1A[2K[1A[2K[G[32m✔[39m Preparing lint-staged...
43 error [31m❯[39m Running tasks for staged files...
43 error   [31m❯[39m .lintstagedrc[2m — 4 files[22m
43 error     [31m❯[39m packages/**/*.+(js|jsx|json|ts|tsx)[2m — 2 files[22m
43 error       [31m✖[39m [91meslint --cache --fix[39m [2m[FAILED][22m
43 error     [32m✔[39m *[2m — 4 files[22m
43 error [33m↓[39m Skipped because of errors from tasks.[2m [SKIPPED][22m
43 error [93m⠋[39m Reverting to original state because of errors...
43 error [2m◼[22m Cleaning up temporary files...
43 error [2K[1A[2K[1A[2K[1A[2K[1A[2K[1A[2K[1A[2K[1A[2K[1A[2K[1A[2K[G[32m✔[39m Preparing lint-staged...
43 error [31m❯[39m Running tasks for staged files...
43 error   [31m❯[39m .lintstagedrc[2m — 4 files[22m
43 error     [31m❯[39m packages/**/*.+(js|jsx|json|ts|tsx)[2m — 2 files[22m
43 error       [31m✖[39m [91meslint --cache --fix[39m [2m[FAILED][22m
43 error     [32m✔[39m *[2m — 4 files[22m
43 error [33m↓[39m Skipped because of errors from tasks.[2m [SKIPPED][22m
43 error [93m⠙[39m Reverting to original state because of errors...
43 error [2m◼[22m Cleaning up temporary files...
43 error [2K[1A[2K[1A[2K[1A[2K[1A[2K[1A[2K[1A[2K[1A[2K[1A[2K[1A[2K[G[32m✔[39m Preparing lint-staged...
43 error [31m❯[39m Running tasks for staged files...
43 error   [31m❯[39m .lintstagedrc[2m — 4 files[22m
43 error     [31m❯[39m packages/**/*.+(js|jsx|json|ts|tsx)[2m — 2 files[22m
43 error       [31m✖[39m [91meslint --cache --fix[39m [2m[FAILED][22m
43 error     [32m✔[39m *[2m — 4 files[22m
43 error [33m↓[39m Skipped because of errors from tasks.[2m [SKIPPED][22m
43 error [32m✔[39m Reverting to original state because of errors...
43 error [2m◼[22m Cleaning up temporary files...
43 error [2K[1A[2K[1A[2K[1A[2K[1A[2K[1A[2K[1A[2K[1A[2K[1A[2K[1A[2K[G[32m✔[39m Preparing lint-staged...
43 error [31m❯[39m Running tasks for staged files...
43 error   [31m❯[39m .lintstagedrc[2m — 4 files[22m
43 error     [31m❯[39m packages/**/*.+(js|jsx|json|ts|tsx)[2m — 2 files[22m
43 error       [31m✖[39m [91meslint --cache --fix[39m [2m[FAILED][22m
43 error     [32m✔[39m *[2m — 4 files[22m
43 error [33m↓[39m Skipped because of errors from tasks.[2m [SKIPPED][22m
43 error [32m✔[39m Reverting to original state because of errors...
43 error [93m⠙[39m Cleaning up temporary files...
43 error [2K[1A[2K[1A[2K[1A[2K[1A[2K[1A[2K[1A[2K[1A[2K[1A[2K[1A[2K[G[32m✔[39m Preparing lint-staged...
43 error [31m❯[39m Running tasks for staged files...
43 error   [31m❯[39m .lintstagedrc[2m — 4 files[22m
43 error     [31m❯[39m packages/**/*.+(js|jsx|json|ts|tsx)[2m — 2 files[22m
43 error       [31m✖[39m [91meslint --cache --fix[39m [2m[FAILED][22m
43 error     [32m✔[39m *[2m — 4 files[22m
43 error [33m↓[39m Skipped because of errors from tasks.[2m [SKIPPED][22m
43 error [32m✔[39m Reverting to original state because of errors...
43 error [93m⠹[39m Cleaning up temporary files...
43 error [2K[1A[2K[1A[2K[1A[2K[1A[2K[1A[2K[1A[2K[1A[2K[1A[2K[1A[2K[G[32m✔[39m Preparing lint-staged...
43 error [31m❯[39m Running tasks for staged files...
43 error   [31m❯[39m .lintstagedrc[2m — 4 files[22m
43 error     [31m❯[39m packages/**/*.+(js|jsx|json|ts|tsx)[2m — 2 files[22m
43 error       [31m✖[39m [91meslint --cache --fix[39m [2m[FAILED][22m
43 error     [32m✔[39m *[2m — 4 files[22m
43 error [33m↓[39m Skipped because of errors from tasks.[2m [SKIPPED][22m
43 error [32m✔[39m Reverting to original state because of errors...
43 error [93m⠸[39m Cleaning up temporary files...
43 error [2K[1A[2K[1A[2K[1A[2K[1A[2K[1A[2K[1A[2K[1A[2K[1A[2K[1A[2K[G[32m✔[39m Preparing lint-staged...
43 error [31m❯[39m Running tasks for staged files...
43 error   [31m❯[39m .lintstagedrc[2m — 4 files[22m
43 error     [31m❯[39m packages/**/*.+(js|jsx|json|ts|tsx)[2m — 2 files[22m
43 error       [31m✖[39m [91meslint --cache --fix[39m [2m[FAILED][22m
43 error     [32m✔[39m *[2m — 4 files[22m
43 error [33m↓[39m Skipped because of errors from tasks.[2m [SKIPPED][22m
43 error [32m✔[39m Reverting to original state because of errors...
43 error [32m✔[39m Cleaning up temporary files...
43 error [2K[1A[2K[1A[2K[1A[2K[1A[2K[1A[2K[1A[2K[1A[2K[1A[2K[1A[2K[G[32m✔[39m Preparing lint-staged...
43 error [31m❯[39m Running tasks for staged files...
43 error   [31m❯[39m .lintstagedrc[2m — 4 files[22m
43 error     [31m❯[39m packages/**/*.+(js|jsx|json|ts|tsx)[2m — 2 files[22m
43 error       [31m✖[39m [91meslint --cache --fix[39m [2m[FAILED][22m
43 error     [32m✔[39m *[2m — 4 files[22m
43 error [33m↓[39m Skipped because of errors from tasks.[2m [SKIPPED][22m
43 error [32m✔[39m Reverting to original state because of errors...
43 error [32m✔[39m Cleaning up temporary files...
43 error
43 error [91m[91m✖[91m eslint --cache --fix:[39m
43 error [0m[0m
43 error [0m[4mC:\Users\SONICBOLT TUF-05\OneDrive\Desktop\lerna-husky\packages\app1\package.json[24m[0m
43 error [0m  [2m2:9[22m  [31merror[39m  Parsing error: Unexpected token :[0m
43 error [0m[0m
43 error [0m[4mC:\Users\SONICBOLT TUF-05\OneDrive\Desktop\lerna-husky\packages\app2\package.json[24m[0m
43 error [0m  [2m2:9[22m  [31merror[39m  Parsing error: Unexpected token :[0m
43 error [0m[0m
43 error [0m[31m[1m✖ 2 problems (2 errors, 0 warnings)[22m[39m[0m
43 error [0m[31m[1m[22m[39m[0m
43 error husky - pre-commit hook exited with code 1 (error)
43 error     at makeError (C:\Users\SONICBOLT TUF-05\OneDrive\Desktop\lerna-husky\node_modules\execa\lib\error.js:60:11)
43 error     at handlePromise (C:\Users\SONICBOLT TUF-05\OneDrive\Desktop\lerna-husky\node_modules\execa\index.js:118:26)
43 error     at processTicksAndRejections (node:internal/process/task_queues:96:5)
43 error     at async Promise.all (index 0)
